<?xml version="1.0" encoding="UTF-8"?>
<!-- Generated by org.testng.reporters.JUnitReportReporter -->
<testsuite skipped="0" hostname="Lenovo-PC" name="com.supermarket.tests.ManageProductTest" tests="4" failures="0" timestamp="29 Aug 2022 09:37:29 GMT" time="63.596" errors="0">
  <testcase name="verifyTheAttributeValueOfSearchButton" time="18.723" classname="com.supermarket.tests.ManageProductTest"/>
  <testcase name="verifyBackgroundColorOfSearchButton" time="10.467" classname="com.supermarket.tests.ManageProductTest"/>
  <testcase name="verifyProductImageUploadedIsDisplayed" time="13.372" classname="com.supermarket.tests.ManageProductTest"/>
  <testcase name="verifyThatWeightradioButtonIsselected" time="21.034" classname="com.supermarket.tests.ManageProductTest"/>
</testsuite> <!-- com.supermarket.tests.ManageProductTest -->
