<?xml version="1.0" encoding="UTF-8"?>
<!-- Generated by org.testng.reporters.JUnitReportReporter -->
<testsuite skipped="0" hostname="Lenovo-PC" name="com.supermarket.tests.Mouse" tests="1" failures="0" timestamp="22 Aug 2022 14:49:20 GMT" time="33.797" errors="0">
  <testcase name="verifymouseActionoverImages" time="33.797" classname="com.supermarket.tests.Mouse"/>
</testsuite> <!-- com.supermarket.tests.Mouse -->
