<?xml version="1.0" encoding="UTF-8"?>
<!-- Generated by org.testng.reporters.JUnitReportReporter -->
<testsuite skipped="0" hostname="Lenovo-PC" name="com.supermarket.tests.ManageOrdersTest" tests="1" failures="0" timestamp="29 Aug 2022 14:18:04 GMT" time="21.924" errors="0">
  <testcase name="verifyThePriceOfTheItem" time="21.924" classname="com.supermarket.tests.ManageOrdersTest"/>
</testsuite> <!-- com.supermarket.tests.ManageOrdersTest -->
