<?xml version="1.0" encoding="UTF-8"?>
<!-- Generated by org.testng.reporters.JUnitReportReporter -->
<testsuite skipped="0" hostname="Lenovo-PC" name="com.supermarket.tests.LoginTest" tests="1" failures="0" timestamp="30 Aug 2022 04:41:07 GMT" time="18.195" errors="0">
  <testcase name="verifyThatUserCanLoginSuccessfully" time="18.195" classname="com.supermarket.tests.LoginTest"/>
</testsuite> <!-- com.supermarket.tests.LoginTest -->
